<?xml version="1.0" encoding="UTF-8"?>
<testsuite name="duke.task.ScheduleTaskTest" tests="2" skipped="0" failures="0" errors="0" timestamp="2022-08-28T09:18:13" hostname="DESKTOP-OKGMC7S" time="0.005">
  <properties/>
  <testcase name="constructor_acceptableConstructor_success()" classname="duke.task.ScheduleTaskTest" time="0.005"/>
  <testcase name="constructor_unacceptableConstructor_exceptionThrown()" classname="duke.task.ScheduleTaskTest" time="0.0"/>
  <system-out><![CDATA[]]></system-out>
  <system-err><![CDATA[]]></system-err>
</testsuite>
