<?xml version="1.0" encoding="UTF-8"?>
<testsuite name="duke.task.TaskTest" tests="6" skipped="0" failures="0" errors="0" timestamp="2022-08-28T09:18:13" hostname="DESKTOP-OKGMC7S" time="0.004">
  <properties/>
  <testcase name="mark_doneTaskToMark_exceptionThrown()" classname="duke.task.TaskTest" time="0.001"/>
  <testcase name="isDone_returnResult_success()" classname="duke.task.TaskTest" time="0.001"/>
  <testcase name="unmark_doneTaskToMark_success()" classname="duke.task.TaskTest" time="0.0"/>
  <testcase name="mark_undoneTaskToMark_success()" classname="duke.task.TaskTest" time="0.001"/>
  <testcase name="constructor_acceptableConstructor_success()" classname="duke.task.TaskTest" time="0.0"/>
  <testcase name="unmark_undoneTaskToMark_exceptionThrown()" classname="duke.task.TaskTest" time="0.001"/>
  <system-out><![CDATA[]]></system-out>
  <system-err><![CDATA[]]></system-err>
</testsuite>
